[0.585s] Invoking command in '/home/balasuriya/finalsemproject/src/prius_line_following/build/prius_line_following': PYTHONPATH=/home/balasuriya/finalsemproject/src/prius_line_following/build/prius_line_following/prefix_override:/home/balasuriya/finalsemproject/src/prius_line_following/install/prius_line_following/lib/python3.10/site-packages:${PYTHONPATH} /usr/bin/python3 setup.py develop --editable --build-directory /home/balasuriya/finalsemproject/src/prius_line_following/build/prius_line_following/build --no-deps install_data
[0.767s] /home/balasuriya/.local/lib/python3.10/site-packages/setuptools/dist.py:717: UserWarning: Usage of dash-separated 'script-dir' will not be supported in future versions. Please use the underscore name 'script_dir' instead
[0.767s]   warnings.warn(
[0.795s] running develop
[0.946s] running egg_info
[0.946s] writing prius_line_following.egg-info/PKG-INFO
[0.946s] writing dependency_links to prius_line_following.egg-info/dependency_links.txt
[0.946s] writing entry points to prius_line_following.egg-info/entry_points.txt
[0.946s] writing requirements to prius_line_following.egg-info/requires.txt
[0.946s] writing top-level names to prius_line_following.egg-info/top_level.txt
[0.948s] reading manifest file 'prius_line_following.egg-info/SOURCES.txt'
[0.948s] writing manifest file 'prius_line_following.egg-info/SOURCES.txt'
[0.949s] running build_ext
[0.950s] Creating /home/balasuriya/finalsemproject/src/prius_line_following/install/prius_line_following/lib/python3.10/site-packages/prius-line-following.egg-link (link to .)
[0.950s] Installing line_follower script to /home/balasuriya/finalsemproject/src/prius_line_following/install/prius_line_following/lib/prius_line_following
[0.950s] Installing video_saver script to /home/balasuriya/finalsemproject/src/prius_line_following/install/prius_line_following/lib/prius_line_following
[0.950s] 
[0.951s] Installed /home/balasuriya/finalsemproject/src/prius_line_following/build/prius_line_following
[0.951s] running install_data
[0.982s] Invoked command in '/home/balasuriya/finalsemproject/src/prius_line_following/build/prius_line_following' returned '0': PYTHONPATH=/home/balasuriya/finalsemproject/src/prius_line_following/build/prius_line_following/prefix_override:/home/balasuriya/finalsemproject/src/prius_line_following/install/prius_line_following/lib/python3.10/site-packages:${PYTHONPATH} /usr/bin/python3 setup.py develop --editable --build-directory /home/balasuriya/finalsemproject/src/prius_line_following/build/prius_line_following/build --no-deps install_data
