[0.656s] Invoking command in '/home/balasuriya/finalsemproject/build/prius_line_following': PYTHONPATH=/home/balasuriya/finalsemproject/build/prius_line_following/prefix_override:/home/balasuriya/finalsemproject/install/prius_line_following/lib/python3.10/site-packages:${PYTHONPATH} /usr/bin/python3 setup.py develop --editable --build-directory /home/balasuriya/finalsemproject/build/prius_line_following/build --no-deps install_data
[0.811s] /home/balasuriya/.local/lib/python3.10/site-packages/setuptools/dist.py:717: UserWarning: Usage of dash-separated 'script-dir' will not be supported in future versions. Please use the underscore name 'script_dir' instead
[0.811s]   warnings.warn(
[0.841s] running develop
[0.966s] running egg_info
[0.966s] writing prius_line_following.egg-info/PKG-INFO
[0.967s] writing dependency_links to prius_line_following.egg-info/dependency_links.txt
[0.967s] writing entry points to prius_line_following.egg-info/entry_points.txt
[0.967s] writing requirements to prius_line_following.egg-info/requires.txt
[0.967s] writing top-level names to prius_line_following.egg-info/top_level.txt
[0.968s] reading manifest file 'prius_line_following.egg-info/SOURCES.txt'
[0.968s] writing manifest file 'prius_line_following.egg-info/SOURCES.txt'
[0.969s] running build_ext
[0.970s] Creating /home/balasuriya/finalsemproject/install/prius_line_following/lib/python3.10/site-packages/prius-line-following.egg-link (link to .)
[0.970s] Installing line_follower script to /home/balasuriya/finalsemproject/install/prius_line_following/lib/prius_line_following
[0.970s] Installing video_saver script to /home/balasuriya/finalsemproject/install/prius_line_following/lib/prius_line_following
[0.970s] 
[0.971s] Installed /home/balasuriya/finalsemproject/build/prius_line_following
[0.971s] running install_data
[0.971s] copying resource/prius_line_following -> /home/balasuriya/finalsemproject/install/prius_line_following/share/ament_index/resource_index/packages
[0.971s] copying package.xml -> /home/balasuriya/finalsemproject/install/prius_line_following/share/prius_line_following
[0.971s] copying launch/car_on_track.launch.py -> /home/balasuriya/finalsemproject/install/prius_line_following/share/prius_line_following
[0.997s] Invoked command in '/home/balasuriya/finalsemproject/build/prius_line_following' returned '0': PYTHONPATH=/home/balasuriya/finalsemproject/build/prius_line_following/prefix_override:/home/balasuriya/finalsemproject/install/prius_line_following/lib/python3.10/site-packages:${PYTHONPATH} /usr/bin/python3 setup.py develop --editable --build-directory /home/balasuriya/finalsemproject/build/prius_line_following/build --no-deps install_data
