[0.933s] Invoking command in '/home/balasuriya/finalsemproject/build/prius_line_following': PYTHONPATH=/home/balasuriya/finalsemproject/build/prius_line_following/prefix_override:/home/balasuriya/finalsemproject/install/prius_line_following/lib/python3.10/site-packages:${PYTHONPATH} /usr/bin/python3 setup.py develop --editable --build-directory /home/balasuriya/finalsemproject/build/prius_line_following/build --no-deps install_data
[1.099s] /home/balasuriya/.local/lib/python3.10/site-packages/setuptools/dist.py:717: UserWarning: Usage of dash-separated 'script-dir' will not be supported in future versions. Please use the underscore name 'script_dir' instead
[1.099s]   warnings.warn(
[1.135s] running develop
[1.274s] running egg_info
[1.274s] writing prius_line_following.egg-info/PKG-INFO
[1.274s] writing dependency_links to prius_line_following.egg-info/dependency_links.txt
[1.274s] writing entry points to prius_line_following.egg-info/entry_points.txt
[1.275s] writing requirements to prius_line_following.egg-info/requires.txt
[1.275s] writing top-level names to prius_line_following.egg-info/top_level.txt
[1.276s] reading manifest file 'prius_line_following.egg-info/SOURCES.txt'
[1.276s] writing manifest file 'prius_line_following.egg-info/SOURCES.txt'
[1.277s] running build_ext
[1.277s] Creating /home/balasuriya/finalsemproject/install/prius_line_following/lib/python3.10/site-packages/prius-line-following.egg-link (link to .)
[1.278s] Installing line_follower script to /home/balasuriya/finalsemproject/install/prius_line_following/lib/prius_line_following
[1.278s] Installing video_saver script to /home/balasuriya/finalsemproject/install/prius_line_following/lib/prius_line_following
[1.278s] 
[1.278s] Installed /home/balasuriya/finalsemproject/build/prius_line_following
[1.278s] running install_data
[1.326s] Invoked command in '/home/balasuriya/finalsemproject/build/prius_line_following' returned '0': PYTHONPATH=/home/balasuriya/finalsemproject/build/prius_line_following/prefix_override:/home/balasuriya/finalsemproject/install/prius_line_following/lib/python3.10/site-packages:${PYTHONPATH} /usr/bin/python3 setup.py develop --editable --build-directory /home/balasuriya/finalsemproject/build/prius_line_following/build --no-deps install_data
