[0.771s] Invoking command in '/home/balasuriya/finalsemproject/build/prius_line_following': PYTHONPATH=/home/balasuriya/finalsemproject/build/prius_line_following/prefix_override:/home/balasuriya/finalsemproject/install/prius_line_following/lib/python3.10/site-packages:${PYTHONPATH} /usr/bin/python3 setup.py develop --editable --build-directory /home/balasuriya/finalsemproject/build/prius_line_following/build --no-deps install_data
[0.945s] /home/balasuriya/.local/lib/python3.10/site-packages/setuptools/dist.py:717: UserWarning: Usage of dash-separated 'script-dir' will not be supported in future versions. Please use the underscore name 'script_dir' instead
[0.945s]   warnings.warn(
[0.974s] running develop
[1.116s] running egg_info
[1.116s] writing prius_line_following.egg-info/PKG-INFO
[1.116s] writing dependency_links to prius_line_following.egg-info/dependency_links.txt
[1.117s] writing entry points to prius_line_following.egg-info/entry_points.txt
[1.117s] writing requirements to prius_line_following.egg-info/requires.txt
[1.117s] writing top-level names to prius_line_following.egg-info/top_level.txt
[1.118s] reading manifest file 'prius_line_following.egg-info/SOURCES.txt'
[1.119s] writing manifest file 'prius_line_following.egg-info/SOURCES.txt'
[1.120s] running build_ext
[1.120s] Creating /home/balasuriya/finalsemproject/install/prius_line_following/lib/python3.10/site-packages/prius-line-following.egg-link (link to .)
[1.121s] Installing line_follower script to /home/balasuriya/finalsemproject/install/prius_line_following/lib/prius_line_following
[1.121s] Installing video_saver script to /home/balasuriya/finalsemproject/install/prius_line_following/lib/prius_line_following
[1.122s] 
[1.122s] Installed /home/balasuriya/finalsemproject/build/prius_line_following
[1.122s] running install_data
[1.171s] Invoked command in '/home/balasuriya/finalsemproject/build/prius_line_following' returned '0': PYTHONPATH=/home/balasuriya/finalsemproject/build/prius_line_following/prefix_override:/home/balasuriya/finalsemproject/install/prius_line_following/lib/python3.10/site-packages:${PYTHONPATH} /usr/bin/python3 setup.py develop --editable --build-directory /home/balasuriya/finalsemproject/build/prius_line_following/build --no-deps install_data
