[0.709s] Invoking command in '/home/balasuriya/finalsemproject/build/prius_line_following': PYTHONPATH=/home/balasuriya/finalsemproject/build/prius_line_following/prefix_override:/home/balasuriya/finalsemproject/install/prius_line_following/lib/python3.10/site-packages:${PYTHONPATH} /usr/bin/python3 setup.py develop --editable --build-directory /home/balasuriya/finalsemproject/build/prius_line_following/build --no-deps install_data
[0.877s] /home/balasuriya/.local/lib/python3.10/site-packages/setuptools/dist.py:717: UserWarning: Usage of dash-separated 'script-dir' will not be supported in future versions. Please use the underscore name 'script_dir' instead
[0.877s]   warnings.warn(
[0.907s] running develop
[1.044s] running egg_info
[1.044s] creating prius_line_following.egg-info
[1.045s] writing prius_line_following.egg-info/PKG-INFO
[1.045s] writing dependency_links to prius_line_following.egg-info/dependency_links.txt
[1.045s] writing entry points to prius_line_following.egg-info/entry_points.txt
[1.045s] writing requirements to prius_line_following.egg-info/requires.txt
[1.046s] writing top-level names to prius_line_following.egg-info/top_level.txt
[1.046s] writing manifest file 'prius_line_following.egg-info/SOURCES.txt'
[1.047s] reading manifest file 'prius_line_following.egg-info/SOURCES.txt'
[1.048s] writing manifest file 'prius_line_following.egg-info/SOURCES.txt'
[1.049s] running build_ext
[1.049s] Creating /home/balasuriya/finalsemproject/install/prius_line_following/lib/python3.10/site-packages/prius-line-following.egg-link (link to .)
[1.049s] Installing line_follower script to /home/balasuriya/finalsemproject/install/prius_line_following/lib/prius_line_following
[1.050s] Installing video_saver script to /home/balasuriya/finalsemproject/install/prius_line_following/lib/prius_line_following
[1.050s] 
[1.050s] Installed /home/balasuriya/finalsemproject/build/prius_line_following
[1.050s] running install_data
[1.050s] creating /home/balasuriya/finalsemproject/install/prius_line_following/share/ament_index
[1.050s] creating /home/balasuriya/finalsemproject/install/prius_line_following/share/ament_index/resource_index
[1.050s] creating /home/balasuriya/finalsemproject/install/prius_line_following/share/ament_index/resource_index/packages
[1.050s] copying resource/prius_line_following -> /home/balasuriya/finalsemproject/install/prius_line_following/share/ament_index/resource_index/packages
[1.050s] copying package.xml -> /home/balasuriya/finalsemproject/install/prius_line_following/share/prius_line_following
[1.050s] copying launch/car_on_track.launch.py -> /home/balasuriya/finalsemproject/install/prius_line_following/share/prius_line_following
[1.082s] Invoked command in '/home/balasuriya/finalsemproject/build/prius_line_following' returned '0': PYTHONPATH=/home/balasuriya/finalsemproject/build/prius_line_following/prefix_override:/home/balasuriya/finalsemproject/install/prius_line_following/lib/python3.10/site-packages:${PYTHONPATH} /usr/bin/python3 setup.py develop --editable --build-directory /home/balasuriya/finalsemproject/build/prius_line_following/build --no-deps install_data
