[0.248s] DEBUG:colcon:Command line arguments: ['/usr/bin/colcon', 'build', '--symlink-install']
[0.248s] DEBUG:colcon:Parsed command line arguments: Namespace(log_base=None, log_level=None, verb_name='build', build_base='build', install_base='install', merge_install=False, symlink_install=True, test_result_base=None, continue_on_error=False, executor='parallel', parallel_workers=16, event_handlers=None, ignore_user_meta=False, metas=['./colcon.meta'], base_paths=['.'], packages_ignore=None, packages_ignore_regex=None, paths=None, packages_up_to=None, packages_up_to_regex=None, packages_above=None, packages_above_and_dependencies=None, packages_above_depth=None, packages_select_by_dep=None, packages_skip_by_dep=None, packages_skip_up_to=None, packages_select_build_failed=False, packages_skip_build_finished=False, packages_select_test_failures=False, packages_skip_test_passed=False, packages_select=None, packages_skip=None, packages_select_regex=None, packages_skip_regex=None, packages_start=None, packages_end=None, allow_overriding=[], cmake_args=None, cmake_target=None, cmake_target_skip_unavailable=False, cmake_clean_cache=False, cmake_clean_first=False, cmake_force_configure=False, ament_cmake_args=None, catkin_cmake_args=None, catkin_skip_building_tests=False, verb_parser=<colcon_defaults.argument_parser.defaults.DefaultArgumentsDecorator object at 0x7fee46823220>, verb_extension=<colcon_core.verb.build.BuildVerb object at 0x7fee46822cb0>, main=<bound method BuildVerb.main of <colcon_core.verb.build.BuildVerb object at 0x7fee46822cb0>>)
[0.264s] Level 1:colcon.colcon_core.package_discovery:discover_packages(colcon_meta) check parameters
[0.264s] Level 1:colcon.colcon_core.package_discovery:discover_packages(recursive) check parameters
[0.264s] Level 1:colcon.colcon_core.package_discovery:discover_packages(ignore) check parameters
[0.264s] Level 1:colcon.colcon_core.package_discovery:discover_packages(path) check parameters
[0.264s] Level 1:colcon.colcon_core.package_discovery:discover_packages(colcon_meta) discover
[0.264s] Level 1:colcon.colcon_core.package_discovery:discover_packages(recursive) discover
[0.264s] INFO:colcon.colcon_core.package_discovery:Crawling recursively for packages in '/home/balasuriya/finalsemproject/src/prius_line_following'
[0.264s] Level 1:colcon.colcon_core.package_identification:_identify(.) by extensions ['ignore', 'ignore_ament_install']
[0.264s] Level 1:colcon.colcon_core.package_identification:_identify(.) by extension 'ignore'
[0.264s] Level 1:colcon.colcon_core.package_identification:_identify(.) by extension 'ignore_ament_install'
[0.264s] Level 1:colcon.colcon_core.package_identification:_identify(.) by extensions ['colcon_pkg']
[0.264s] Level 1:colcon.colcon_core.package_identification:_identify(.) by extension 'colcon_pkg'
[0.264s] Level 1:colcon.colcon_core.package_identification:_identify(.) by extensions ['colcon_meta']
[0.264s] Level 1:colcon.colcon_core.package_identification:_identify(.) by extension 'colcon_meta'
[0.264s] Level 1:colcon.colcon_core.package_identification:_identify(.) by extensions ['ros']
[0.264s] Level 1:colcon.colcon_core.package_identification:_identify(.) by extension 'ros'
[0.273s] DEBUG:colcon.colcon_core.package_identification:Package '.' with type 'ros.ament_python' and name 'prius_line_following'
[0.273s] Level 1:colcon.colcon_core.package_discovery:discover_packages(recursive) using defaults
[0.273s] Level 1:colcon.colcon_core.package_discovery:discover_packages(ignore) discover
[0.273s] Level 1:colcon.colcon_core.package_discovery:discover_packages(ignore) using defaults
[0.273s] Level 1:colcon.colcon_core.package_discovery:discover_packages(path) discover
[0.273s] Level 1:colcon.colcon_core.package_discovery:discover_packages(path) using defaults
[0.288s] Level 1:colcon.colcon_core.package_discovery:discover_packages(prefix_path) check parameters
[0.288s] Level 1:colcon.colcon_core.package_discovery:discover_packages(prefix_path) discover
[0.290s] DEBUG:colcon.colcon_installed_package_information.package_discovery:Found 2 installed packages in /home/balasuriya/ros2_ws/install
[0.291s] DEBUG:colcon.colcon_installed_package_information.package_discovery:Found 379 installed packages in /opt/ros/humble
[0.293s] Level 1:colcon.colcon_core.package_discovery:discover_packages(prefix_path) using defaults
[0.338s] Level 5:colcon.colcon_core.verb:set package 'prius_line_following' build argument 'cmake_args' from command line to 'None'
[0.338s] Level 5:colcon.colcon_core.verb:set package 'prius_line_following' build argument 'cmake_target' from command line to 'None'
[0.338s] Level 5:colcon.colcon_core.verb:set package 'prius_line_following' build argument 'cmake_target_skip_unavailable' from command line to 'False'
[0.338s] Level 5:colcon.colcon_core.verb:set package 'prius_line_following' build argument 'cmake_clean_cache' from command line to 'False'
[0.338s] Level 5:colcon.colcon_core.verb:set package 'prius_line_following' build argument 'cmake_clean_first' from command line to 'False'
[0.338s] Level 5:colcon.colcon_core.verb:set package 'prius_line_following' build argument 'cmake_force_configure' from command line to 'False'
[0.338s] Level 5:colcon.colcon_core.verb:set package 'prius_line_following' build argument 'ament_cmake_args' from command line to 'None'
[0.338s] Level 5:colcon.colcon_core.verb:set package 'prius_line_following' build argument 'catkin_cmake_args' from command line to 'None'
[0.338s] Level 5:colcon.colcon_core.verb:set package 'prius_line_following' build argument 'catkin_skip_building_tests' from command line to 'False'
[0.338s] DEBUG:colcon.colcon_core.verb:Building package 'prius_line_following' with the following arguments: {'ament_cmake_args': None, 'build_base': '/home/balasuriya/finalsemproject/src/prius_line_following/build/prius_line_following', 'catkin_cmake_args': None, 'catkin_skip_building_tests': False, 'cmake_args': None, 'cmake_clean_cache': False, 'cmake_clean_first': False, 'cmake_force_configure': False, 'cmake_target': None, 'cmake_target_skip_unavailable': False, 'install_base': '/home/balasuriya/finalsemproject/src/prius_line_following/install/prius_line_following', 'merge_install': False, 'path': '/home/balasuriya/finalsemproject/src/prius_line_following', 'symlink_install': True, 'test_result_base': None}
[0.339s] INFO:colcon.colcon_core.executor:Executing jobs using 'parallel' executor
[0.341s] DEBUG:colcon.colcon_parallel_executor.executor.parallel:run_until_complete
[0.342s] INFO:colcon.colcon_ros.task.ament_python.build:Building ROS package in '/home/balasuriya/finalsemproject/src/prius_line_following' with build type 'ament_python'
[0.342s] Level 1:colcon.colcon_core.shell:create_environment_hook('prius_line_following', 'ament_prefix_path')
[0.345s] INFO:colcon.colcon_core.plugin_system:Skipping extension 'colcon_core.shell.bat': Not used on non-Windows systems
[0.345s] INFO:colcon.colcon_core.shell:Creating environment hook '/home/balasuriya/finalsemproject/src/prius_line_following/install/prius_line_following/share/prius_line_following/hook/ament_prefix_path.ps1'
[0.345s] INFO:colcon.colcon_core.shell:Creating environment descriptor '/home/balasuriya/finalsemproject/src/prius_line_following/install/prius_line_following/share/prius_line_following/hook/ament_prefix_path.dsv'
[0.346s] INFO:colcon.colcon_core.shell:Creating environment hook '/home/balasuriya/finalsemproject/src/prius_line_following/install/prius_line_following/share/prius_line_following/hook/ament_prefix_path.sh'
[0.347s] INFO:colcon.colcon_core.shell:Skip shell extension 'powershell' for command environment: Not usable outside of PowerShell
[0.347s] DEBUG:colcon.colcon_core.shell:Skip shell extension 'dsv' for command environment
[0.608s] INFO:colcon.colcon_core.task.python.build:Building Python package in '/home/balasuriya/finalsemproject/src/prius_line_following'
[0.610s] INFO:colcon.colcon_core.shell:Skip shell extension 'powershell' for command environment: Not usable outside of PowerShell
[0.610s] DEBUG:colcon.colcon_core.shell:Skip shell extension 'dsv' for command environment
[0.920s] DEBUG:colcon.colcon_core.event_handler.log_command:Invoking command in '/home/balasuriya/finalsemproject/src/prius_line_following/build/prius_line_following': PYTHONPATH=/home/balasuriya/finalsemproject/src/prius_line_following/build/prius_line_following/prefix_override:/home/balasuriya/finalsemproject/src/prius_line_following/install/prius_line_following/lib/python3.10/site-packages:${PYTHONPATH} /usr/bin/python3 setup.py develop --editable --build-directory /home/balasuriya/finalsemproject/src/prius_line_following/build/prius_line_following/build --no-deps install_data
[1.315s] Level 1:colcon.colcon_core.shell:create_environment_hook('prius_line_following', 'pythonpath_develop')
[1.317s] INFO:colcon.colcon_core.shell:Creating environment hook '/home/balasuriya/finalsemproject/src/prius_line_following/build/prius_line_following/share/prius_line_following/hook/pythonpath_develop.ps1'
[1.318s] DEBUG:colcon.colcon_core.event_handler.log_command:Invoked command in '/home/balasuriya/finalsemproject/src/prius_line_following/build/prius_line_following' returned '0': PYTHONPATH=/home/balasuriya/finalsemproject/src/prius_line_following/build/prius_line_following/prefix_override:/home/balasuriya/finalsemproject/src/prius_line_following/install/prius_line_following/lib/python3.10/site-packages:${PYTHONPATH} /usr/bin/python3 setup.py develop --editable --build-directory /home/balasuriya/finalsemproject/src/prius_line_following/build/prius_line_following/build --no-deps install_data
[1.318s] INFO:colcon.colcon_core.shell:Creating environment descriptor '/home/balasuriya/finalsemproject/src/prius_line_following/build/prius_line_following/share/prius_line_following/hook/pythonpath_develop.dsv'
[1.319s] INFO:colcon.colcon_core.shell:Creating environment hook '/home/balasuriya/finalsemproject/src/prius_line_following/build/prius_line_following/share/prius_line_following/hook/pythonpath_develop.sh'
[1.326s] Level 1:colcon.colcon_core.environment:checking '/home/balasuriya/finalsemproject/src/prius_line_following/install/prius_line_following' for CMake module files
[1.327s] Level 1:colcon.colcon_core.environment:checking '/home/balasuriya/finalsemproject/src/prius_line_following/install/prius_line_following' for CMake config files
[1.328s] Level 1:colcon.colcon_core.environment:checking '/home/balasuriya/finalsemproject/src/prius_line_following/install/prius_line_following/lib'
[1.328s] Level 1:colcon.colcon_core.environment:checking '/home/balasuriya/finalsemproject/src/prius_line_following/install/prius_line_following/bin'
[1.328s] Level 1:colcon.colcon_core.environment:checking '/home/balasuriya/finalsemproject/src/prius_line_following/install/prius_line_following/lib/pkgconfig/prius_line_following.pc'
[1.329s] Level 1:colcon.colcon_core.environment:checking '/home/balasuriya/finalsemproject/src/prius_line_following/install/prius_line_following/lib/python3.10/site-packages'
[1.329s] Level 1:colcon.colcon_core.shell:create_environment_hook('prius_line_following', 'pythonpath')
[1.330s] INFO:colcon.colcon_core.shell:Creating environment hook '/home/balasuriya/finalsemproject/src/prius_line_following/install/prius_line_following/share/prius_line_following/hook/pythonpath.ps1'
[1.331s] INFO:colcon.colcon_core.shell:Creating environment descriptor '/home/balasuriya/finalsemproject/src/prius_line_following/install/prius_line_following/share/prius_line_following/hook/pythonpath.dsv'
[1.331s] INFO:colcon.colcon_core.shell:Creating environment hook '/home/balasuriya/finalsemproject/src/prius_line_following/install/prius_line_following/share/prius_line_following/hook/pythonpath.sh'
[1.332s] Level 1:colcon.colcon_core.environment:checking '/home/balasuriya/finalsemproject/src/prius_line_following/install/prius_line_following/bin'
[1.332s] Level 1:colcon.colcon_core.environment:create_environment_scripts_only(prius_line_following)
[1.334s] INFO:colcon.colcon_core.shell:Creating package script '/home/balasuriya/finalsemproject/src/prius_line_following/install/prius_line_following/share/prius_line_following/package.ps1'
[1.335s] INFO:colcon.colcon_core.shell:Creating package descriptor '/home/balasuriya/finalsemproject/src/prius_line_following/install/prius_line_following/share/prius_line_following/package.dsv'
[1.336s] INFO:colcon.colcon_core.shell:Creating package script '/home/balasuriya/finalsemproject/src/prius_line_following/install/prius_line_following/share/prius_line_following/package.sh'
[1.337s] INFO:colcon.colcon_core.shell:Creating package script '/home/balasuriya/finalsemproject/src/prius_line_following/install/prius_line_following/share/prius_line_following/package.bash'
[1.338s] INFO:colcon.colcon_core.shell:Creating package script '/home/balasuriya/finalsemproject/src/prius_line_following/install/prius_line_following/share/prius_line_following/package.zsh'
[1.339s] Level 1:colcon.colcon_core.environment:create_file_with_runtime_dependencies(/home/balasuriya/finalsemproject/src/prius_line_following/install/prius_line_following/share/colcon-core/packages/prius_line_following)
[1.340s] DEBUG:colcon.colcon_parallel_executor.executor.parallel:closing loop
[1.340s] DEBUG:colcon.colcon_parallel_executor.executor.parallel:loop closed
[1.341s] DEBUG:colcon.colcon_parallel_executor.executor.parallel:run_until_complete finished with '0'
[1.341s] DEBUG:colcon.colcon_core.event_reactor:joining thread
[1.350s] INFO:colcon.colcon_core.plugin_system:Skipping extension 'colcon_notification.desktop_notification.terminal_notifier': Not used on non-Darwin systems
[1.350s] INFO:colcon.colcon_core.plugin_system:Skipping extension 'colcon_notification.desktop_notification.win32': Not used on non-Windows systems
[1.350s] INFO:colcon.colcon_notification.desktop_notification:Sending desktop notification using 'notify2'
[1.368s] DEBUG:colcon.colcon_core.event_reactor:joined thread
[1.369s] INFO:colcon.colcon_core.shell:Creating prefix script '/home/balasuriya/finalsemproject/src/prius_line_following/install/local_setup.ps1'
[1.370s] INFO:colcon.colcon_core.shell:Creating prefix util module '/home/balasuriya/finalsemproject/src/prius_line_following/install/_local_setup_util_ps1.py'
[1.371s] INFO:colcon.colcon_core.shell:Creating prefix chain script '/home/balasuriya/finalsemproject/src/prius_line_following/install/setup.ps1'
[1.373s] INFO:colcon.colcon_core.shell:Creating prefix script '/home/balasuriya/finalsemproject/src/prius_line_following/install/local_setup.sh'
[1.373s] INFO:colcon.colcon_core.shell:Creating prefix util module '/home/balasuriya/finalsemproject/src/prius_line_following/install/_local_setup_util_sh.py'
[1.374s] INFO:colcon.colcon_core.shell:Creating prefix chain script '/home/balasuriya/finalsemproject/src/prius_line_following/install/setup.sh'
[1.376s] INFO:colcon.colcon_core.shell:Creating prefix script '/home/balasuriya/finalsemproject/src/prius_line_following/install/local_setup.bash'
[1.376s] INFO:colcon.colcon_core.shell:Creating prefix chain script '/home/balasuriya/finalsemproject/src/prius_line_following/install/setup.bash'
[1.377s] INFO:colcon.colcon_core.shell:Creating prefix script '/home/balasuriya/finalsemproject/src/prius_line_following/install/local_setup.zsh'
[1.378s] INFO:colcon.colcon_core.shell:Creating prefix chain script '/home/balasuriya/finalsemproject/src/prius_line_following/install/setup.zsh'
