[0.817s] Invoking command in '/home/balasuriya/finalsemproject/build/prius_line_following': PYTHONPATH=/home/balasuriya/finalsemproject/build/prius_line_following/prefix_override:/home/balasuriya/finalsemproject/install/prius_line_following/lib/python3.10/site-packages:${PYTHONPATH} /usr/bin/python3 setup.py develop --editable --build-directory /home/balasuriya/finalsemproject/build/prius_line_following/build --no-deps install_data
[0.990s] /home/balasuriya/.local/lib/python3.10/site-packages/setuptools/dist.py:717: UserWarning: Usage of dash-separated 'script-dir' will not be supported in future versions. Please use the underscore name 'script_dir' instead
[0.990s]   warnings.warn(
[1.026s] running develop
[1.166s] running egg_info
[1.167s] writing prius_line_following.egg-info/PKG-INFO
[1.167s] writing dependency_links to prius_line_following.egg-info/dependency_links.txt
[1.167s] writing entry points to prius_line_following.egg-info/entry_points.txt
[1.167s] writing requirements to prius_line_following.egg-info/requires.txt
[1.167s] writing top-level names to prius_line_following.egg-info/top_level.txt
[1.168s] reading manifest file 'prius_line_following.egg-info/SOURCES.txt'
[1.169s] writing manifest file 'prius_line_following.egg-info/SOURCES.txt'
[1.170s] running build_ext
[1.170s] Creating /home/balasuriya/finalsemproject/install/prius_line_following/lib/python3.10/site-packages/prius-line-following.egg-link (link to .)
[1.170s] Installing line_follower script to /home/balasuriya/finalsemproject/install/prius_line_following/lib/prius_line_following
[1.170s] Installing video_saver script to /home/balasuriya/finalsemproject/install/prius_line_following/lib/prius_line_following
[1.171s] 
[1.171s] Installed /home/balasuriya/finalsemproject/build/prius_line_following
[1.171s] running install_data
[1.197s] Invoked command in '/home/balasuriya/finalsemproject/build/prius_line_following' returned '0': PYTHONPATH=/home/balasuriya/finalsemproject/build/prius_line_following/prefix_override:/home/balasuriya/finalsemproject/install/prius_line_following/lib/python3.10/site-packages:${PYTHONPATH} /usr/bin/python3 setup.py develop --editable --build-directory /home/balasuriya/finalsemproject/build/prius_line_following/build --no-deps install_data
