[0.258s] DEBUG:colcon:Command line arguments: ['/usr/bin/colcon', 'list', '-p', '--base-paths', '/home/balasuriya/finalsemproject']
[0.258s] DEBUG:colcon:Parsed command line arguments: Namespace(log_base=None, log_level=None, verb_name='list', build_base='build', ignore_user_meta=False, metas=['./colcon.meta'], base_paths=['/home/balasuriya/finalsemproject'], packages_ignore=None, packages_ignore_regex=None, paths=None, packages_up_to=None, packages_up_to_regex=None, packages_above=None, packages_above_and_dependencies=None, packages_above_depth=None, packages_select_by_dep=None, packages_skip_by_dep=None, packages_skip_up_to=None, packages_select_build_failed=False, packages_skip_build_finished=False, packages_select_test_failures=False, packages_skip_test_passed=False, packages_select=None, packages_skip=None, packages_select_regex=None, packages_skip_regex=None, packages_start=None, packages_end=None, allow_overriding=[], topological_order=False, names_only=False, paths_only=True, topological_graph=False, topological_graph_dot=False, topological_graph_density=False, topological_graph_legend=False, topological_graph_dot_cluster=False, topological_graph_dot_include_skipped=False, verb_parser=<colcon_defaults.argument_parser.defaults.DefaultArgumentsDecorator object at 0x7fd834a3c130>, verb_extension=<colcon_package_information.verb.list.ListVerb object at 0x7fd834b97820>, main=<bound method ListVerb.main of <colcon_package_information.verb.list.ListVerb object at 0x7fd834b97820>>)
[0.275s] Level 1:colcon.colcon_core.package_discovery:discover_packages(colcon_meta) check parameters
[0.275s] Level 1:colcon.colcon_core.package_discovery:discover_packages(recursive) check parameters
[0.275s] Level 1:colcon.colcon_core.package_discovery:discover_packages(ignore) check parameters
[0.275s] Level 1:colcon.colcon_core.package_discovery:discover_packages(path) check parameters
[0.275s] Level 1:colcon.colcon_core.package_discovery:discover_packages(recursive) discover
[0.275s] INFO:colcon.colcon_core.package_discovery:Crawling recursively for packages in '/home/balasuriya/finalsemproject'
[0.275s] Level 1:colcon.colcon_core.package_identification:_identify(/home/balasuriya/finalsemproject) by extensions ['ignore', 'ignore_ament_install']
[0.276s] Level 1:colcon.colcon_core.package_identification:_identify(/home/balasuriya/finalsemproject) by extension 'ignore'
[0.276s] Level 1:colcon.colcon_core.package_identification:_identify(/home/balasuriya/finalsemproject) by extension 'ignore_ament_install'
[0.276s] Level 1:colcon.colcon_core.package_identification:_identify(/home/balasuriya/finalsemproject) by extensions ['colcon_pkg']
[0.276s] Level 1:colcon.colcon_core.package_identification:_identify(/home/balasuriya/finalsemproject) by extension 'colcon_pkg'
[0.276s] Level 1:colcon.colcon_core.package_identification:_identify(/home/balasuriya/finalsemproject) by extensions ['colcon_meta']
[0.276s] Level 1:colcon.colcon_core.package_identification:_identify(/home/balasuriya/finalsemproject) by extension 'colcon_meta'
[0.276s] Level 1:colcon.colcon_core.package_identification:_identify(/home/balasuriya/finalsemproject) by extensions ['ros']
[0.276s] Level 1:colcon.colcon_core.package_identification:_identify(/home/balasuriya/finalsemproject) by extension 'ros'
[0.283s] Level 1:colcon.colcon_core.package_identification:_identify(/home/balasuriya/finalsemproject) by extensions ['cmake', 'python']
[0.283s] Level 1:colcon.colcon_core.package_identification:_identify(/home/balasuriya/finalsemproject) by extension 'cmake'
[0.283s] Level 1:colcon.colcon_core.package_identification:_identify(/home/balasuriya/finalsemproject) by extension 'python'
[0.283s] Level 1:colcon.colcon_core.package_identification:_identify(/home/balasuriya/finalsemproject) by extensions ['python_setup_py']
[0.283s] Level 1:colcon.colcon_core.package_identification:_identify(/home/balasuriya/finalsemproject) by extension 'python_setup_py'
[0.283s] Level 1:colcon.colcon_core.package_identification:_identify(/home/balasuriya/finalsemproject/build) by extensions ['ignore', 'ignore_ament_install']
[0.283s] Level 1:colcon.colcon_core.package_identification:_identify(/home/balasuriya/finalsemproject/build) by extension 'ignore'
[0.283s] Level 1:colcon.colcon_core.package_identification:_identify(/home/balasuriya/finalsemproject/build) ignored
[0.283s] Level 1:colcon.colcon_core.package_identification:_identify(/home/balasuriya/finalsemproject/install) by extensions ['ignore', 'ignore_ament_install']
[0.283s] Level 1:colcon.colcon_core.package_identification:_identify(/home/balasuriya/finalsemproject/install) by extension 'ignore'
[0.283s] Level 1:colcon.colcon_core.package_identification:_identify(/home/balasuriya/finalsemproject/install) ignored
[0.283s] Level 1:colcon.colcon_core.package_identification:_identify(/home/balasuriya/finalsemproject/log) by extensions ['ignore', 'ignore_ament_install']
[0.284s] Level 1:colcon.colcon_core.package_identification:_identify(/home/balasuriya/finalsemproject/log) by extension 'ignore'
[0.284s] Level 1:colcon.colcon_core.package_identification:_identify(/home/balasuriya/finalsemproject/log) ignored
[0.284s] Level 1:colcon.colcon_core.package_identification:_identify(/home/balasuriya/finalsemproject/src) by extensions ['ignore', 'ignore_ament_install']
[0.284s] Level 1:colcon.colcon_core.package_identification:_identify(/home/balasuriya/finalsemproject/src) by extension 'ignore'
[0.284s] Level 1:colcon.colcon_core.package_identification:_identify(/home/balasuriya/finalsemproject/src) by extension 'ignore_ament_install'
[0.284s] Level 1:colcon.colcon_core.package_identification:_identify(/home/balasuriya/finalsemproject/src) by extensions ['colcon_pkg']
[0.284s] Level 1:colcon.colcon_core.package_identification:_identify(/home/balasuriya/finalsemproject/src) by extension 'colcon_pkg'
[0.284s] Level 1:colcon.colcon_core.package_identification:_identify(/home/balasuriya/finalsemproject/src) by extensions ['colcon_meta']
[0.284s] Level 1:colcon.colcon_core.package_identification:_identify(/home/balasuriya/finalsemproject/src) by extension 'colcon_meta'
[0.284s] Level 1:colcon.colcon_core.package_identification:_identify(/home/balasuriya/finalsemproject/src) by extensions ['ros']
[0.284s] Level 1:colcon.colcon_core.package_identification:_identify(/home/balasuriya/finalsemproject/src) by extension 'ros'
[0.284s] Level 1:colcon.colcon_core.package_identification:_identify(/home/balasuriya/finalsemproject/src) by extensions ['cmake', 'python']
[0.284s] Level 1:colcon.colcon_core.package_identification:_identify(/home/balasuriya/finalsemproject/src) by extension 'cmake'
[0.284s] Level 1:colcon.colcon_core.package_identification:_identify(/home/balasuriya/finalsemproject/src) by extension 'python'
[0.284s] Level 1:colcon.colcon_core.package_identification:_identify(/home/balasuriya/finalsemproject/src) by extensions ['python_setup_py']
[0.284s] Level 1:colcon.colcon_core.package_identification:_identify(/home/balasuriya/finalsemproject/src) by extension 'python_setup_py'
[0.284s] Level 1:colcon.colcon_core.package_identification:_identify(/home/balasuriya/finalsemproject/src/Images) by extensions ['ignore', 'ignore_ament_install']
[0.284s] Level 1:colcon.colcon_core.package_identification:_identify(/home/balasuriya/finalsemproject/src/Images) by extension 'ignore'
[0.284s] Level 1:colcon.colcon_core.package_identification:_identify(/home/balasuriya/finalsemproject/src/Images) by extension 'ignore_ament_install'
[0.284s] Level 1:colcon.colcon_core.package_identification:_identify(/home/balasuriya/finalsemproject/src/Images) by extensions ['colcon_pkg']
[0.284s] Level 1:colcon.colcon_core.package_identification:_identify(/home/balasuriya/finalsemproject/src/Images) by extension 'colcon_pkg'
[0.284s] Level 1:colcon.colcon_core.package_identification:_identify(/home/balasuriya/finalsemproject/src/Images) by extensions ['colcon_meta']
[0.284s] Level 1:colcon.colcon_core.package_identification:_identify(/home/balasuriya/finalsemproject/src/Images) by extension 'colcon_meta'
[0.284s] Level 1:colcon.colcon_core.package_identification:_identify(/home/balasuriya/finalsemproject/src/Images) by extensions ['ros']
[0.284s] Level 1:colcon.colcon_core.package_identification:_identify(/home/balasuriya/finalsemproject/src/Images) by extension 'ros'
[0.284s] Level 1:colcon.colcon_core.package_identification:_identify(/home/balasuriya/finalsemproject/src/Images) by extensions ['cmake', 'python']
[0.284s] Level 1:colcon.colcon_core.package_identification:_identify(/home/balasuriya/finalsemproject/src/Images) by extension 'cmake'
[0.285s] Level 1:colcon.colcon_core.package_identification:_identify(/home/balasuriya/finalsemproject/src/Images) by extension 'python'
[0.285s] Level 1:colcon.colcon_core.package_identification:_identify(/home/balasuriya/finalsemproject/src/Images) by extensions ['python_setup_py']
[0.285s] Level 1:colcon.colcon_core.package_identification:_identify(/home/balasuriya/finalsemproject/src/Images) by extension 'python_setup_py'
[0.285s] Level 1:colcon.colcon_core.package_identification:_identify(/home/balasuriya/finalsemproject/src/Notes) by extensions ['ignore', 'ignore_ament_install']
[0.285s] Level 1:colcon.colcon_core.package_identification:_identify(/home/balasuriya/finalsemproject/src/Notes) by extension 'ignore'
[0.285s] Level 1:colcon.colcon_core.package_identification:_identify(/home/balasuriya/finalsemproject/src/Notes) by extension 'ignore_ament_install'
[0.285s] Level 1:colcon.colcon_core.package_identification:_identify(/home/balasuriya/finalsemproject/src/Notes) by extensions ['colcon_pkg']
[0.285s] Level 1:colcon.colcon_core.package_identification:_identify(/home/balasuriya/finalsemproject/src/Notes) by extension 'colcon_pkg'
[0.285s] Level 1:colcon.colcon_core.package_identification:_identify(/home/balasuriya/finalsemproject/src/Notes) by extensions ['colcon_meta']
[0.285s] Level 1:colcon.colcon_core.package_identification:_identify(/home/balasuriya/finalsemproject/src/Notes) by extension 'colcon_meta'
[0.285s] Level 1:colcon.colcon_core.package_identification:_identify(/home/balasuriya/finalsemproject/src/Notes) by extensions ['ros']
[0.285s] Level 1:colcon.colcon_core.package_identification:_identify(/home/balasuriya/finalsemproject/src/Notes) by extension 'ros'
[0.285s] Level 1:colcon.colcon_core.package_identification:_identify(/home/balasuriya/finalsemproject/src/Notes) by extensions ['cmake', 'python']
[0.285s] Level 1:colcon.colcon_core.package_identification:_identify(/home/balasuriya/finalsemproject/src/Notes) by extension 'cmake'
[0.285s] Level 1:colcon.colcon_core.package_identification:_identify(/home/balasuriya/finalsemproject/src/Notes) by extension 'python'
[0.285s] Level 1:colcon.colcon_core.package_identification:_identify(/home/balasuriya/finalsemproject/src/Notes) by extensions ['python_setup_py']
[0.285s] Level 1:colcon.colcon_core.package_identification:_identify(/home/balasuriya/finalsemproject/src/Notes) by extension 'python_setup_py'
[0.285s] Level 1:colcon.colcon_core.package_identification:_identify(/home/balasuriya/finalsemproject/src/Notes/Section 1) by extensions ['ignore', 'ignore_ament_install']
[0.285s] Level 1:colcon.colcon_core.package_identification:_identify(/home/balasuriya/finalsemproject/src/Notes/Section 1) by extension 'ignore'
[0.285s] Level 1:colcon.colcon_core.package_identification:_identify(/home/balasuriya/finalsemproject/src/Notes/Section 1) by extension 'ignore_ament_install'
[0.285s] Level 1:colcon.colcon_core.package_identification:_identify(/home/balasuriya/finalsemproject/src/Notes/Section 1) by extensions ['colcon_pkg']
[0.285s] Level 1:colcon.colcon_core.package_identification:_identify(/home/balasuriya/finalsemproject/src/Notes/Section 1) by extension 'colcon_pkg'
[0.285s] Level 1:colcon.colcon_core.package_identification:_identify(/home/balasuriya/finalsemproject/src/Notes/Section 1) by extensions ['colcon_meta']
[0.285s] Level 1:colcon.colcon_core.package_identification:_identify(/home/balasuriya/finalsemproject/src/Notes/Section 1) by extension 'colcon_meta'
[0.285s] Level 1:colcon.colcon_core.package_identification:_identify(/home/balasuriya/finalsemproject/src/Notes/Section 1) by extensions ['ros']
[0.285s] Level 1:colcon.colcon_core.package_identification:_identify(/home/balasuriya/finalsemproject/src/Notes/Section 1) by extension 'ros'
[0.285s] Level 1:colcon.colcon_core.package_identification:_identify(/home/balasuriya/finalsemproject/src/Notes/Section 1) by extensions ['cmake', 'python']
[0.285s] Level 1:colcon.colcon_core.package_identification:_identify(/home/balasuriya/finalsemproject/src/Notes/Section 1) by extension 'cmake'
[0.285s] Level 1:colcon.colcon_core.package_identification:_identify(/home/balasuriya/finalsemproject/src/Notes/Section 1) by extension 'python'
[0.285s] Level 1:colcon.colcon_core.package_identification:_identify(/home/balasuriya/finalsemproject/src/Notes/Section 1) by extensions ['python_setup_py']
[0.285s] Level 1:colcon.colcon_core.package_identification:_identify(/home/balasuriya/finalsemproject/src/Notes/Section 1) by extension 'python_setup_py'
[0.286s] Level 1:colcon.colcon_core.package_identification:_identify(/home/balasuriya/finalsemproject/src/Notes/Section 2) by extensions ['ignore', 'ignore_ament_install']
[0.286s] Level 1:colcon.colcon_core.package_identification:_identify(/home/balasuriya/finalsemproject/src/Notes/Section 2) by extension 'ignore'
[0.286s] Level 1:colcon.colcon_core.package_identification:_identify(/home/balasuriya/finalsemproject/src/Notes/Section 2) by extension 'ignore_ament_install'
[0.286s] Level 1:colcon.colcon_core.package_identification:_identify(/home/balasuriya/finalsemproject/src/Notes/Section 2) by extensions ['colcon_pkg']
[0.286s] Level 1:colcon.colcon_core.package_identification:_identify(/home/balasuriya/finalsemproject/src/Notes/Section 2) by extension 'colcon_pkg'
[0.286s] Level 1:colcon.colcon_core.package_identification:_identify(/home/balasuriya/finalsemproject/src/Notes/Section 2) by extensions ['colcon_meta']
[0.286s] Level 1:colcon.colcon_core.package_identification:_identify(/home/balasuriya/finalsemproject/src/Notes/Section 2) by extension 'colcon_meta'
[0.286s] Level 1:colcon.colcon_core.package_identification:_identify(/home/balasuriya/finalsemproject/src/Notes/Section 2) by extensions ['ros']
[0.286s] Level 1:colcon.colcon_core.package_identification:_identify(/home/balasuriya/finalsemproject/src/Notes/Section 2) by extension 'ros'
[0.286s] Level 1:colcon.colcon_core.package_identification:_identify(/home/balasuriya/finalsemproject/src/Notes/Section 2) by extensions ['cmake', 'python']
[0.286s] Level 1:colcon.colcon_core.package_identification:_identify(/home/balasuriya/finalsemproject/src/Notes/Section 2) by extension 'cmake'
[0.286s] Level 1:colcon.colcon_core.package_identification:_identify(/home/balasuriya/finalsemproject/src/Notes/Section 2) by extension 'python'
[0.286s] Level 1:colcon.colcon_core.package_identification:_identify(/home/balasuriya/finalsemproject/src/Notes/Section 2) by extensions ['python_setup_py']
[0.286s] Level 1:colcon.colcon_core.package_identification:_identify(/home/balasuriya/finalsemproject/src/Notes/Section 2) by extension 'python_setup_py'
[0.286s] Level 1:colcon.colcon_core.package_identification:_identify(/home/balasuriya/finalsemproject/src/Notes/Section 3) by extensions ['ignore', 'ignore_ament_install']
[0.286s] Level 1:colcon.colcon_core.package_identification:_identify(/home/balasuriya/finalsemproject/src/Notes/Section 3) by extension 'ignore'
[0.286s] Level 1:colcon.colcon_core.package_identification:_identify(/home/balasuriya/finalsemproject/src/Notes/Section 3) by extension 'ignore_ament_install'
[0.286s] Level 1:colcon.colcon_core.package_identification:_identify(/home/balasuriya/finalsemproject/src/Notes/Section 3) by extensions ['colcon_pkg']
[0.286s] Level 1:colcon.colcon_core.package_identification:_identify(/home/balasuriya/finalsemproject/src/Notes/Section 3) by extension 'colcon_pkg'
[0.286s] Level 1:colcon.colcon_core.package_identification:_identify(/home/balasuriya/finalsemproject/src/Notes/Section 3) by extensions ['colcon_meta']
[0.286s] Level 1:colcon.colcon_core.package_identification:_identify(/home/balasuriya/finalsemproject/src/Notes/Section 3) by extension 'colcon_meta'
[0.286s] Level 1:colcon.colcon_core.package_identification:_identify(/home/balasuriya/finalsemproject/src/Notes/Section 3) by extensions ['ros']
[0.286s] Level 1:colcon.colcon_core.package_identification:_identify(/home/balasuriya/finalsemproject/src/Notes/Section 3) by extension 'ros'
[0.286s] Level 1:colcon.colcon_core.package_identification:_identify(/home/balasuriya/finalsemproject/src/Notes/Section 3) by extensions ['cmake', 'python']
[0.286s] Level 1:colcon.colcon_core.package_identification:_identify(/home/balasuriya/finalsemproject/src/Notes/Section 3) by extension 'cmake'
[0.286s] Level 1:colcon.colcon_core.package_identification:_identify(/home/balasuriya/finalsemproject/src/Notes/Section 3) by extension 'python'
[0.286s] Level 1:colcon.colcon_core.package_identification:_identify(/home/balasuriya/finalsemproject/src/Notes/Section 3) by extensions ['python_setup_py']
[0.286s] Level 1:colcon.colcon_core.package_identification:_identify(/home/balasuriya/finalsemproject/src/Notes/Section 3) by extension 'python_setup_py'
[0.286s] Level 1:colcon.colcon_core.package_identification:_identify(/home/balasuriya/finalsemproject/src/log) by extensions ['ignore', 'ignore_ament_install']
[0.287s] Level 1:colcon.colcon_core.package_identification:_identify(/home/balasuriya/finalsemproject/src/log) by extension 'ignore'
[0.287s] Level 1:colcon.colcon_core.package_identification:_identify(/home/balasuriya/finalsemproject/src/log) ignored
[0.287s] Level 1:colcon.colcon_core.package_identification:_identify(/home/balasuriya/finalsemproject/src/prius_line_following) by extensions ['ignore', 'ignore_ament_install']
[0.287s] Level 1:colcon.colcon_core.package_identification:_identify(/home/balasuriya/finalsemproject/src/prius_line_following) by extension 'ignore'
[0.287s] Level 1:colcon.colcon_core.package_identification:_identify(/home/balasuriya/finalsemproject/src/prius_line_following) by extension 'ignore_ament_install'
[0.287s] Level 1:colcon.colcon_core.package_identification:_identify(/home/balasuriya/finalsemproject/src/prius_line_following) by extensions ['colcon_pkg']
[0.287s] Level 1:colcon.colcon_core.package_identification:_identify(/home/balasuriya/finalsemproject/src/prius_line_following) by extension 'colcon_pkg'
[0.287s] Level 1:colcon.colcon_core.package_identification:_identify(/home/balasuriya/finalsemproject/src/prius_line_following) by extensions ['colcon_meta']
[0.287s] Level 1:colcon.colcon_core.package_identification:_identify(/home/balasuriya/finalsemproject/src/prius_line_following) by extension 'colcon_meta'
[0.287s] Level 1:colcon.colcon_core.package_identification:_identify(/home/balasuriya/finalsemproject/src/prius_line_following) by extensions ['ros']
[0.287s] Level 1:colcon.colcon_core.package_identification:_identify(/home/balasuriya/finalsemproject/src/prius_line_following) by extension 'ros'
[0.289s] DEBUG:colcon.colcon_core.package_identification:Package '/home/balasuriya/finalsemproject/src/prius_line_following' with type 'ros.ament_python' and name 'prius_line_following'
[0.289s] Level 1:colcon.colcon_core.package_identification:_identify(/home/balasuriya/finalsemproject/src/rover) by extensions ['ignore', 'ignore_ament_install']
[0.289s] Level 1:colcon.colcon_core.package_identification:_identify(/home/balasuriya/finalsemproject/src/rover) by extension 'ignore'
[0.289s] Level 1:colcon.colcon_core.package_identification:_identify(/home/balasuriya/finalsemproject/src/rover) by extension 'ignore_ament_install'
[0.289s] Level 1:colcon.colcon_core.package_identification:_identify(/home/balasuriya/finalsemproject/src/rover) by extensions ['colcon_pkg']
[0.289s] Level 1:colcon.colcon_core.package_identification:_identify(/home/balasuriya/finalsemproject/src/rover) by extension 'colcon_pkg'
[0.289s] Level 1:colcon.colcon_core.package_identification:_identify(/home/balasuriya/finalsemproject/src/rover) by extensions ['colcon_meta']
[0.289s] Level 1:colcon.colcon_core.package_identification:_identify(/home/balasuriya/finalsemproject/src/rover) by extension 'colcon_meta'
[0.289s] Level 1:colcon.colcon_core.package_identification:_identify(/home/balasuriya/finalsemproject/src/rover) by extensions ['ros']
[0.289s] Level 1:colcon.colcon_core.package_identification:_identify(/home/balasuriya/finalsemproject/src/rover) by extension 'ros'
[0.290s] DEBUG:colcon.colcon_core.package_identification:Package '/home/balasuriya/finalsemproject/src/rover' with type 'ros.ament_python' and name 'rover'
[0.290s] Level 1:colcon.colcon_core.package_discovery:discover_packages(recursive) using defaults
