[0.257s] DEBUG:colcon:Command line arguments: ['/usr/bin/colcon', 'build', '--symlink-install']
[0.258s] DEBUG:colcon:Parsed command line arguments: Namespace(log_base=None, log_level=None, verb_name='build', build_base='build', install_base='install', merge_install=False, symlink_install=True, test_result_base=None, continue_on_error=False, executor='parallel', parallel_workers=16, event_handlers=None, ignore_user_meta=False, metas=['./colcon.meta'], base_paths=['.'], packages_ignore=None, packages_ignore_regex=None, paths=None, packages_up_to=None, packages_up_to_regex=None, packages_above=None, packages_above_and_dependencies=None, packages_above_depth=None, packages_select_by_dep=None, packages_skip_by_dep=None, packages_skip_up_to=None, packages_select_build_failed=False, packages_skip_build_finished=False, packages_select_test_failures=False, packages_skip_test_passed=False, packages_select=None, packages_skip=None, packages_select_regex=None, packages_skip_regex=None, packages_start=None, packages_end=None, allow_overriding=[], cmake_args=None, cmake_target=None, cmake_target_skip_unavailable=False, cmake_clean_cache=False, cmake_clean_first=False, cmake_force_configure=False, ament_cmake_args=None, catkin_cmake_args=None, catkin_skip_building_tests=False, verb_parser=<colcon_defaults.argument_parser.defaults.DefaultArgumentsDecorator object at 0x7f0299f02e30>, verb_extension=<colcon_core.verb.build.BuildVerb object at 0x7f0299f028c0>, main=<bound method BuildVerb.main of <colcon_core.verb.build.BuildVerb object at 0x7f0299f028c0>>)
[0.274s] Level 1:colcon.colcon_core.package_discovery:discover_packages(colcon_meta) check parameters
[0.274s] Level 1:colcon.colcon_core.package_discovery:discover_packages(recursive) check parameters
[0.274s] Level 1:colcon.colcon_core.package_discovery:discover_packages(ignore) check parameters
[0.274s] Level 1:colcon.colcon_core.package_discovery:discover_packages(path) check parameters
[0.274s] Level 1:colcon.colcon_core.package_discovery:discover_packages(colcon_meta) discover
[0.274s] Level 1:colcon.colcon_core.package_discovery:discover_packages(recursive) discover
[0.274s] INFO:colcon.colcon_core.package_discovery:Crawling recursively for packages in '/home/balasuriya/finalsemproject'
[0.274s] Level 1:colcon.colcon_core.package_identification:_identify(.) by extensions ['ignore', 'ignore_ament_install']
[0.274s] Level 1:colcon.colcon_core.package_identification:_identify(.) by extension 'ignore'
[0.274s] Level 1:colcon.colcon_core.package_identification:_identify(.) by extension 'ignore_ament_install'
[0.274s] Level 1:colcon.colcon_core.package_identification:_identify(.) by extensions ['colcon_pkg']
[0.274s] Level 1:colcon.colcon_core.package_identification:_identify(.) by extension 'colcon_pkg'
[0.274s] Level 1:colcon.colcon_core.package_identification:_identify(.) by extensions ['colcon_meta']
[0.274s] Level 1:colcon.colcon_core.package_identification:_identify(.) by extension 'colcon_meta'
[0.274s] Level 1:colcon.colcon_core.package_identification:_identify(.) by extensions ['ros']
[0.274s] Level 1:colcon.colcon_core.package_identification:_identify(.) by extension 'ros'
[0.282s] Level 1:colcon.colcon_core.package_identification:_identify(.) by extensions ['cmake', 'python']
[0.282s] Level 1:colcon.colcon_core.package_identification:_identify(.) by extension 'cmake'
[0.282s] Level 1:colcon.colcon_core.package_identification:_identify(.) by extension 'python'
[0.282s] Level 1:colcon.colcon_core.package_identification:_identify(.) by extensions ['python_setup_py']
[0.282s] Level 1:colcon.colcon_core.package_identification:_identify(.) by extension 'python_setup_py'
[0.282s] Level 1:colcon.colcon_core.package_identification:_identify(build) by extensions ['ignore', 'ignore_ament_install']
[0.283s] Level 1:colcon.colcon_core.package_identification:_identify(build) by extension 'ignore'
[0.283s] Level 1:colcon.colcon_core.package_identification:_identify(build) ignored
[0.283s] Level 1:colcon.colcon_core.package_identification:_identify(install) by extensions ['ignore', 'ignore_ament_install']
[0.283s] Level 1:colcon.colcon_core.package_identification:_identify(install) by extension 'ignore'
[0.283s] Level 1:colcon.colcon_core.package_identification:_identify(install) ignored
[0.283s] Level 1:colcon.colcon_core.package_identification:_identify(log) by extensions ['ignore', 'ignore_ament_install']
[0.283s] Level 1:colcon.colcon_core.package_identification:_identify(log) by extension 'ignore'
[0.283s] Level 1:colcon.colcon_core.package_identification:_identify(log) ignored
[0.283s] Level 1:colcon.colcon_core.package_identification:_identify(src) by extensions ['ignore', 'ignore_ament_install']
[0.283s] Level 1:colcon.colcon_core.package_identification:_identify(src) by extension 'ignore'
[0.283s] Level 1:colcon.colcon_core.package_identification:_identify(src) by extension 'ignore_ament_install'
[0.283s] Level 1:colcon.colcon_core.package_identification:_identify(src) by extensions ['colcon_pkg']
[0.283s] Level 1:colcon.colcon_core.package_identification:_identify(src) by extension 'colcon_pkg'
[0.283s] Level 1:colcon.colcon_core.package_identification:_identify(src) by extensions ['colcon_meta']
[0.283s] Level 1:colcon.colcon_core.package_identification:_identify(src) by extension 'colcon_meta'
[0.283s] Level 1:colcon.colcon_core.package_identification:_identify(src) by extensions ['ros']
[0.283s] Level 1:colcon.colcon_core.package_identification:_identify(src) by extension 'ros'
[0.283s] Level 1:colcon.colcon_core.package_identification:_identify(src) by extensions ['cmake', 'python']
[0.283s] Level 1:colcon.colcon_core.package_identification:_identify(src) by extension 'cmake'
[0.283s] Level 1:colcon.colcon_core.package_identification:_identify(src) by extension 'python'
[0.283s] Level 1:colcon.colcon_core.package_identification:_identify(src) by extensions ['python_setup_py']
[0.283s] Level 1:colcon.colcon_core.package_identification:_identify(src) by extension 'python_setup_py'
[0.283s] Level 1:colcon.colcon_core.package_identification:_identify(src/Images) by extensions ['ignore', 'ignore_ament_install']
[0.283s] Level 1:colcon.colcon_core.package_identification:_identify(src/Images) by extension 'ignore'
[0.283s] Level 1:colcon.colcon_core.package_identification:_identify(src/Images) by extension 'ignore_ament_install'
[0.284s] Level 1:colcon.colcon_core.package_identification:_identify(src/Images) by extensions ['colcon_pkg']
[0.284s] Level 1:colcon.colcon_core.package_identification:_identify(src/Images) by extension 'colcon_pkg'
[0.284s] Level 1:colcon.colcon_core.package_identification:_identify(src/Images) by extensions ['colcon_meta']
[0.284s] Level 1:colcon.colcon_core.package_identification:_identify(src/Images) by extension 'colcon_meta'
[0.284s] Level 1:colcon.colcon_core.package_identification:_identify(src/Images) by extensions ['ros']
[0.284s] Level 1:colcon.colcon_core.package_identification:_identify(src/Images) by extension 'ros'
[0.284s] Level 1:colcon.colcon_core.package_identification:_identify(src/Images) by extensions ['cmake', 'python']
[0.284s] Level 1:colcon.colcon_core.package_identification:_identify(src/Images) by extension 'cmake'
[0.284s] Level 1:colcon.colcon_core.package_identification:_identify(src/Images) by extension 'python'
[0.284s] Level 1:colcon.colcon_core.package_identification:_identify(src/Images) by extensions ['python_setup_py']
[0.284s] Level 1:colcon.colcon_core.package_identification:_identify(src/Images) by extension 'python_setup_py'
[0.284s] Level 1:colcon.colcon_core.package_identification:_identify(src/Notes) by extensions ['ignore', 'ignore_ament_install']
[0.284s] Level 1:colcon.colcon_core.package_identification:_identify(src/Notes) by extension 'ignore'
[0.284s] Level 1:colcon.colcon_core.package_identification:_identify(src/Notes) by extension 'ignore_ament_install'
[0.284s] Level 1:colcon.colcon_core.package_identification:_identify(src/Notes) by extensions ['colcon_pkg']
[0.284s] Level 1:colcon.colcon_core.package_identification:_identify(src/Notes) by extension 'colcon_pkg'
[0.284s] Level 1:colcon.colcon_core.package_identification:_identify(src/Notes) by extensions ['colcon_meta']
[0.284s] Level 1:colcon.colcon_core.package_identification:_identify(src/Notes) by extension 'colcon_meta'
[0.284s] Level 1:colcon.colcon_core.package_identification:_identify(src/Notes) by extensions ['ros']
[0.284s] Level 1:colcon.colcon_core.package_identification:_identify(src/Notes) by extension 'ros'
[0.284s] Level 1:colcon.colcon_core.package_identification:_identify(src/Notes) by extensions ['cmake', 'python']
[0.284s] Level 1:colcon.colcon_core.package_identification:_identify(src/Notes) by extension 'cmake'
[0.284s] Level 1:colcon.colcon_core.package_identification:_identify(src/Notes) by extension 'python'
[0.284s] Level 1:colcon.colcon_core.package_identification:_identify(src/Notes) by extensions ['python_setup_py']
[0.284s] Level 1:colcon.colcon_core.package_identification:_identify(src/Notes) by extension 'python_setup_py'
[0.284s] Level 1:colcon.colcon_core.package_identification:_identify(src/Notes/Section 1) by extensions ['ignore', 'ignore_ament_install']
[0.284s] Level 1:colcon.colcon_core.package_identification:_identify(src/Notes/Section 1) by extension 'ignore'
[0.284s] Level 1:colcon.colcon_core.package_identification:_identify(src/Notes/Section 1) by extension 'ignore_ament_install'
[0.284s] Level 1:colcon.colcon_core.package_identification:_identify(src/Notes/Section 1) by extensions ['colcon_pkg']
[0.284s] Level 1:colcon.colcon_core.package_identification:_identify(src/Notes/Section 1) by extension 'colcon_pkg'
[0.284s] Level 1:colcon.colcon_core.package_identification:_identify(src/Notes/Section 1) by extensions ['colcon_meta']
[0.284s] Level 1:colcon.colcon_core.package_identification:_identify(src/Notes/Section 1) by extension 'colcon_meta'
[0.285s] Level 1:colcon.colcon_core.package_identification:_identify(src/Notes/Section 1) by extensions ['ros']
[0.285s] Level 1:colcon.colcon_core.package_identification:_identify(src/Notes/Section 1) by extension 'ros'
[0.285s] Level 1:colcon.colcon_core.package_identification:_identify(src/Notes/Section 1) by extensions ['cmake', 'python']
[0.285s] Level 1:colcon.colcon_core.package_identification:_identify(src/Notes/Section 1) by extension 'cmake'
[0.285s] Level 1:colcon.colcon_core.package_identification:_identify(src/Notes/Section 1) by extension 'python'
[0.285s] Level 1:colcon.colcon_core.package_identification:_identify(src/Notes/Section 1) by extensions ['python_setup_py']
[0.285s] Level 1:colcon.colcon_core.package_identification:_identify(src/Notes/Section 1) by extension 'python_setup_py'
[0.285s] Level 1:colcon.colcon_core.package_identification:_identify(src/Notes/Section 2) by extensions ['ignore', 'ignore_ament_install']
[0.285s] Level 1:colcon.colcon_core.package_identification:_identify(src/Notes/Section 2) by extension 'ignore'
[0.285s] Level 1:colcon.colcon_core.package_identification:_identify(src/Notes/Section 2) by extension 'ignore_ament_install'
[0.285s] Level 1:colcon.colcon_core.package_identification:_identify(src/Notes/Section 2) by extensions ['colcon_pkg']
[0.285s] Level 1:colcon.colcon_core.package_identification:_identify(src/Notes/Section 2) by extension 'colcon_pkg'
[0.285s] Level 1:colcon.colcon_core.package_identification:_identify(src/Notes/Section 2) by extensions ['colcon_meta']
[0.285s] Level 1:colcon.colcon_core.package_identification:_identify(src/Notes/Section 2) by extension 'colcon_meta'
[0.285s] Level 1:colcon.colcon_core.package_identification:_identify(src/Notes/Section 2) by extensions ['ros']
[0.285s] Level 1:colcon.colcon_core.package_identification:_identify(src/Notes/Section 2) by extension 'ros'
[0.285s] Level 1:colcon.colcon_core.package_identification:_identify(src/Notes/Section 2) by extensions ['cmake', 'python']
[0.285s] Level 1:colcon.colcon_core.package_identification:_identify(src/Notes/Section 2) by extension 'cmake'
[0.285s] Level 1:colcon.colcon_core.package_identification:_identify(src/Notes/Section 2) by extension 'python'
[0.285s] Level 1:colcon.colcon_core.package_identification:_identify(src/Notes/Section 2) by extensions ['python_setup_py']
[0.285s] Level 1:colcon.colcon_core.package_identification:_identify(src/Notes/Section 2) by extension 'python_setup_py'
[0.285s] Level 1:colcon.colcon_core.package_identification:_identify(src/Notes/Section 3) by extensions ['ignore', 'ignore_ament_install']
[0.285s] Level 1:colcon.colcon_core.package_identification:_identify(src/Notes/Section 3) by extension 'ignore'
[0.285s] Level 1:colcon.colcon_core.package_identification:_identify(src/Notes/Section 3) by extension 'ignore_ament_install'
[0.285s] Level 1:colcon.colcon_core.package_identification:_identify(src/Notes/Section 3) by extensions ['colcon_pkg']
[0.285s] Level 1:colcon.colcon_core.package_identification:_identify(src/Notes/Section 3) by extension 'colcon_pkg'
[0.285s] Level 1:colcon.colcon_core.package_identification:_identify(src/Notes/Section 3) by extensions ['colcon_meta']
[0.285s] Level 1:colcon.colcon_core.package_identification:_identify(src/Notes/Section 3) by extension 'colcon_meta'
[0.285s] Level 1:colcon.colcon_core.package_identification:_identify(src/Notes/Section 3) by extensions ['ros']
[0.285s] Level 1:colcon.colcon_core.package_identification:_identify(src/Notes/Section 3) by extension 'ros'
[0.285s] Level 1:colcon.colcon_core.package_identification:_identify(src/Notes/Section 3) by extensions ['cmake', 'python']
[0.286s] Level 1:colcon.colcon_core.package_identification:_identify(src/Notes/Section 3) by extension 'cmake'
[0.286s] Level 1:colcon.colcon_core.package_identification:_identify(src/Notes/Section 3) by extension 'python'
[0.286s] Level 1:colcon.colcon_core.package_identification:_identify(src/Notes/Section 3) by extensions ['python_setup_py']
[0.286s] Level 1:colcon.colcon_core.package_identification:_identify(src/Notes/Section 3) by extension 'python_setup_py'
[0.286s] Level 1:colcon.colcon_core.package_identification:_identify(src/prius_line_following) by extensions ['ignore', 'ignore_ament_install']
[0.286s] Level 1:colcon.colcon_core.package_identification:_identify(src/prius_line_following) by extension 'ignore'
[0.286s] Level 1:colcon.colcon_core.package_identification:_identify(src/prius_line_following) by extension 'ignore_ament_install'
[0.286s] Level 1:colcon.colcon_core.package_identification:_identify(src/prius_line_following) by extensions ['colcon_pkg']
[0.286s] Level 1:colcon.colcon_core.package_identification:_identify(src/prius_line_following) by extension 'colcon_pkg'
[0.286s] Level 1:colcon.colcon_core.package_identification:_identify(src/prius_line_following) by extensions ['colcon_meta']
[0.286s] Level 1:colcon.colcon_core.package_identification:_identify(src/prius_line_following) by extension 'colcon_meta'
[0.286s] Level 1:colcon.colcon_core.package_identification:_identify(src/prius_line_following) by extensions ['ros']
[0.286s] Level 1:colcon.colcon_core.package_identification:_identify(src/prius_line_following) by extension 'ros'
[0.287s] DEBUG:colcon.colcon_core.package_identification:Package 'src/prius_line_following' with type 'ros.ament_python' and name 'prius_line_following'
[0.288s] Level 1:colcon.colcon_core.package_identification:_identify(src/rover) by extensions ['ignore', 'ignore_ament_install']
[0.288s] Level 1:colcon.colcon_core.package_identification:_identify(src/rover) by extension 'ignore'
[0.288s] Level 1:colcon.colcon_core.package_identification:_identify(src/rover) by extension 'ignore_ament_install'
[0.288s] Level 1:colcon.colcon_core.package_identification:_identify(src/rover) by extensions ['colcon_pkg']
[0.288s] Level 1:colcon.colcon_core.package_identification:_identify(src/rover) by extension 'colcon_pkg'
[0.288s] Level 1:colcon.colcon_core.package_identification:_identify(src/rover) by extensions ['colcon_meta']
[0.288s] Level 1:colcon.colcon_core.package_identification:_identify(src/rover) by extension 'colcon_meta'
[0.288s] Level 1:colcon.colcon_core.package_identification:_identify(src/rover) by extensions ['ros']
[0.288s] Level 1:colcon.colcon_core.package_identification:_identify(src/rover) by extension 'ros'
[0.288s] DEBUG:colcon.colcon_core.package_identification:Package 'src/rover' with type 'ros.ament_python' and name 'rover'
[0.288s] Level 1:colcon.colcon_core.package_discovery:discover_packages(recursive) using defaults
[0.288s] Level 1:colcon.colcon_core.package_discovery:discover_packages(ignore) discover
[0.288s] Level 1:colcon.colcon_core.package_discovery:discover_packages(ignore) using defaults
[0.288s] Level 1:colcon.colcon_core.package_discovery:discover_packages(path) discover
[0.288s] Level 1:colcon.colcon_core.package_discovery:discover_packages(path) using defaults
[0.304s] Level 1:colcon.colcon_core.package_discovery:discover_packages(prefix_path) check parameters
[0.304s] Level 1:colcon.colcon_core.package_discovery:discover_packages(prefix_path) discover
[0.306s] DEBUG:colcon.colcon_installed_package_information.package_discovery:Found 2 installed packages in /home/balasuriya/ros2_ws/install
[0.307s] DEBUG:colcon.colcon_installed_package_information.package_discovery:Found 379 installed packages in /opt/ros/humble
[0.308s] Level 1:colcon.colcon_core.package_discovery:discover_packages(prefix_path) using defaults
[0.355s] Level 5:colcon.colcon_core.verb:set package 'prius_line_following' build argument 'cmake_args' from command line to 'None'
[0.355s] Level 5:colcon.colcon_core.verb:set package 'prius_line_following' build argument 'cmake_target' from command line to 'None'
[0.356s] Level 5:colcon.colcon_core.verb:set package 'prius_line_following' build argument 'cmake_target_skip_unavailable' from command line to 'False'
[0.356s] Level 5:colcon.colcon_core.verb:set package 'prius_line_following' build argument 'cmake_clean_cache' from command line to 'False'
[0.356s] Level 5:colcon.colcon_core.verb:set package 'prius_line_following' build argument 'cmake_clean_first' from command line to 'False'
[0.356s] Level 5:colcon.colcon_core.verb:set package 'prius_line_following' build argument 'cmake_force_configure' from command line to 'False'
[0.356s] Level 5:colcon.colcon_core.verb:set package 'prius_line_following' build argument 'ament_cmake_args' from command line to 'None'
[0.356s] Level 5:colcon.colcon_core.verb:set package 'prius_line_following' build argument 'catkin_cmake_args' from command line to 'None'
[0.356s] Level 5:colcon.colcon_core.verb:set package 'prius_line_following' build argument 'catkin_skip_building_tests' from command line to 'False'
[0.356s] DEBUG:colcon.colcon_core.verb:Building package 'prius_line_following' with the following arguments: {'ament_cmake_args': None, 'build_base': '/home/balasuriya/finalsemproject/build/prius_line_following', 'catkin_cmake_args': None, 'catkin_skip_building_tests': False, 'cmake_args': None, 'cmake_clean_cache': False, 'cmake_clean_first': False, 'cmake_force_configure': False, 'cmake_target': None, 'cmake_target_skip_unavailable': False, 'install_base': '/home/balasuriya/finalsemproject/install/prius_line_following', 'merge_install': False, 'path': '/home/balasuriya/finalsemproject/src/prius_line_following', 'symlink_install': True, 'test_result_base': None}
[0.356s] Level 5:colcon.colcon_core.verb:set package 'rover' build argument 'cmake_args' from command line to 'None'
[0.356s] Level 5:colcon.colcon_core.verb:set package 'rover' build argument 'cmake_target' from command line to 'None'
[0.356s] Level 5:colcon.colcon_core.verb:set package 'rover' build argument 'cmake_target_skip_unavailable' from command line to 'False'
[0.356s] Level 5:colcon.colcon_core.verb:set package 'rover' build argument 'cmake_clean_cache' from command line to 'False'
[0.356s] Level 5:colcon.colcon_core.verb:set package 'rover' build argument 'cmake_clean_first' from command line to 'False'
[0.356s] Level 5:colcon.colcon_core.verb:set package 'rover' build argument 'cmake_force_configure' from command line to 'False'
[0.357s] Level 5:colcon.colcon_core.verb:set package 'rover' build argument 'ament_cmake_args' from command line to 'None'
[0.357s] Level 5:colcon.colcon_core.verb:set package 'rover' build argument 'catkin_cmake_args' from command line to 'None'
[0.357s] Level 5:colcon.colcon_core.verb:set package 'rover' build argument 'catkin_skip_building_tests' from command line to 'False'
[0.357s] DEBUG:colcon.colcon_core.verb:Building package 'rover' with the following arguments: {'ament_cmake_args': None, 'build_base': '/home/balasuriya/finalsemproject/build/rover', 'catkin_cmake_args': None, 'catkin_skip_building_tests': False, 'cmake_args': None, 'cmake_clean_cache': False, 'cmake_clean_first': False, 'cmake_force_configure': False, 'cmake_target': None, 'cmake_target_skip_unavailable': False, 'install_base': '/home/balasuriya/finalsemproject/install/rover', 'merge_install': False, 'path': '/home/balasuriya/finalsemproject/src/rover', 'symlink_install': True, 'test_result_base': None}
[0.357s] INFO:colcon.colcon_core.executor:Executing jobs using 'parallel' executor
[0.360s] DEBUG:colcon.colcon_parallel_executor.executor.parallel:run_until_complete
[0.360s] INFO:colcon.colcon_ros.task.ament_python.build:Building ROS package in '/home/balasuriya/finalsemproject/src/prius_line_following' with build type 'ament_python'
[0.360s] Level 1:colcon.colcon_core.shell:create_environment_hook('prius_line_following', 'ament_prefix_path')
[0.363s] INFO:colcon.colcon_core.plugin_system:Skipping extension 'colcon_core.shell.bat': Not used on non-Windows systems
[0.363s] INFO:colcon.colcon_core.shell:Creating environment hook '/home/balasuriya/finalsemproject/install/prius_line_following/share/prius_line_following/hook/ament_prefix_path.ps1'
[0.364s] INFO:colcon.colcon_core.shell:Creating environment descriptor '/home/balasuriya/finalsemproject/install/prius_line_following/share/prius_line_following/hook/ament_prefix_path.dsv'
[0.364s] INFO:colcon.colcon_core.shell:Creating environment hook '/home/balasuriya/finalsemproject/install/prius_line_following/share/prius_line_following/hook/ament_prefix_path.sh'
[0.365s] INFO:colcon.colcon_core.shell:Skip shell extension 'powershell' for command environment: Not usable outside of PowerShell
[0.365s] DEBUG:colcon.colcon_core.shell:Skip shell extension 'dsv' for command environment
[0.370s] INFO:colcon.colcon_ros.task.ament_python.build:Building ROS package in '/home/balasuriya/finalsemproject/src/rover' with build type 'ament_python'
[0.370s] Level 1:colcon.colcon_core.shell:create_environment_hook('rover', 'ament_prefix_path')
[0.371s] INFO:colcon.colcon_core.shell:Creating environment hook '/home/balasuriya/finalsemproject/install/rover/share/rover/hook/ament_prefix_path.ps1'
[0.372s] INFO:colcon.colcon_core.shell:Creating environment descriptor '/home/balasuriya/finalsemproject/install/rover/share/rover/hook/ament_prefix_path.dsv'
[0.372s] INFO:colcon.colcon_core.shell:Creating environment hook '/home/balasuriya/finalsemproject/install/rover/share/rover/hook/ament_prefix_path.sh'
[0.373s] INFO:colcon.colcon_core.shell:Skip shell extension 'powershell' for command environment: Not usable outside of PowerShell
[0.373s] DEBUG:colcon.colcon_core.shell:Skip shell extension 'dsv' for command environment
[0.648s] INFO:colcon.colcon_core.task.python.build:Building Python package in '/home/balasuriya/finalsemproject/src/prius_line_following'
[0.650s] INFO:colcon.colcon_core.shell:Skip shell extension 'powershell' for command environment: Not usable outside of PowerShell
[0.650s] DEBUG:colcon.colcon_core.shell:Skip shell extension 'dsv' for command environment
[0.896s] INFO:colcon.colcon_core.task.python.build:Building Python package in '/home/balasuriya/finalsemproject/src/rover'
[0.898s] INFO:colcon.colcon_core.shell:Skip shell extension 'powershell' for command environment: Not usable outside of PowerShell
[0.898s] DEBUG:colcon.colcon_core.shell:Skip shell extension 'dsv' for command environment
[1.190s] DEBUG:colcon.colcon_core.event_handler.log_command:Invoking command in '/home/balasuriya/finalsemproject/build/prius_line_following': PYTHONPATH=/home/balasuriya/finalsemproject/build/prius_line_following/prefix_override:/home/balasuriya/finalsemproject/install/prius_line_following/lib/python3.10/site-packages:${PYTHONPATH} /usr/bin/python3 setup.py develop --editable --build-directory /home/balasuriya/finalsemproject/build/prius_line_following/build --no-deps install_data
[1.208s] DEBUG:colcon.colcon_core.event_handler.log_command:Invoking command in '/home/balasuriya/finalsemproject/build/rover': PYTHONPATH=/home/balasuriya/finalsemproject/build/rover/prefix_override:/home/balasuriya/finalsemproject/install/rover/lib/python3.10/site-packages:${PYTHONPATH} /usr/bin/python3 setup.py develop --editable --build-directory /home/balasuriya/finalsemproject/build/rover/build --no-deps install_data
[1.576s] Level 1:colcon.colcon_core.shell:create_environment_hook('prius_line_following', 'pythonpath_develop')
[1.578s] INFO:colcon.colcon_core.shell:Creating environment hook '/home/balasuriya/finalsemproject/build/prius_line_following/share/prius_line_following/hook/pythonpath_develop.ps1'
[1.578s] DEBUG:colcon.colcon_core.event_handler.log_command:Invoked command in '/home/balasuriya/finalsemproject/build/prius_line_following' returned '0': PYTHONPATH=/home/balasuriya/finalsemproject/build/prius_line_following/prefix_override:/home/balasuriya/finalsemproject/install/prius_line_following/lib/python3.10/site-packages:${PYTHONPATH} /usr/bin/python3 setup.py develop --editable --build-directory /home/balasuriya/finalsemproject/build/prius_line_following/build --no-deps install_data
[1.578s] INFO:colcon.colcon_core.shell:Creating environment descriptor '/home/balasuriya/finalsemproject/build/prius_line_following/share/prius_line_following/hook/pythonpath_develop.dsv'
[1.579s] INFO:colcon.colcon_core.shell:Creating environment hook '/home/balasuriya/finalsemproject/build/prius_line_following/share/prius_line_following/hook/pythonpath_develop.sh'
[1.584s] Level 1:colcon.colcon_core.environment:checking '/home/balasuriya/finalsemproject/install/prius_line_following' for CMake module files
[1.584s] Level 1:colcon.colcon_core.environment:checking '/home/balasuriya/finalsemproject/install/prius_line_following' for CMake config files
[1.585s] Level 1:colcon.colcon_core.environment:checking '/home/balasuriya/finalsemproject/install/prius_line_following/lib'
[1.585s] Level 1:colcon.colcon_core.environment:checking '/home/balasuriya/finalsemproject/install/prius_line_following/bin'
[1.585s] Level 1:colcon.colcon_core.environment:checking '/home/balasuriya/finalsemproject/install/prius_line_following/lib/pkgconfig/prius_line_following.pc'
[1.585s] Level 1:colcon.colcon_core.environment:checking '/home/balasuriya/finalsemproject/install/prius_line_following/lib/python3.10/site-packages'
[1.585s] Level 1:colcon.colcon_core.shell:create_environment_hook('prius_line_following', 'pythonpath')
[1.587s] INFO:colcon.colcon_core.shell:Creating environment hook '/home/balasuriya/finalsemproject/install/prius_line_following/share/prius_line_following/hook/pythonpath.ps1'
[1.587s] INFO:colcon.colcon_core.shell:Creating environment descriptor '/home/balasuriya/finalsemproject/install/prius_line_following/share/prius_line_following/hook/pythonpath.dsv'
[1.587s] INFO:colcon.colcon_core.shell:Creating environment hook '/home/balasuriya/finalsemproject/install/prius_line_following/share/prius_line_following/hook/pythonpath.sh'
[1.588s] Level 1:colcon.colcon_core.environment:checking '/home/balasuriya/finalsemproject/install/prius_line_following/bin'
[1.588s] Level 1:colcon.colcon_core.environment:create_environment_scripts_only(prius_line_following)
[1.589s] INFO:colcon.colcon_core.shell:Creating package script '/home/balasuriya/finalsemproject/install/prius_line_following/share/prius_line_following/package.ps1'
[1.590s] INFO:colcon.colcon_core.shell:Creating package descriptor '/home/balasuriya/finalsemproject/install/prius_line_following/share/prius_line_following/package.dsv'
[1.591s] INFO:colcon.colcon_core.shell:Creating package script '/home/balasuriya/finalsemproject/install/prius_line_following/share/prius_line_following/package.sh'
[1.591s] INFO:colcon.colcon_core.shell:Creating package script '/home/balasuriya/finalsemproject/install/prius_line_following/share/prius_line_following/package.bash'
[1.592s] INFO:colcon.colcon_core.shell:Creating package script '/home/balasuriya/finalsemproject/install/prius_line_following/share/prius_line_following/package.zsh'
[1.592s] Level 1:colcon.colcon_core.environment:create_file_with_runtime_dependencies(/home/balasuriya/finalsemproject/install/prius_line_following/share/colcon-core/packages/prius_line_following)
[1.593s] Level 1:colcon.colcon_core.shell:create_environment_hook('rover', 'pythonpath_develop')
[1.595s] INFO:colcon.colcon_core.shell:Creating environment hook '/home/balasuriya/finalsemproject/build/rover/share/rover/hook/pythonpath_develop.ps1'
[1.595s] INFO:colcon.colcon_core.shell:Creating environment descriptor '/home/balasuriya/finalsemproject/build/rover/share/rover/hook/pythonpath_develop.dsv'
[1.595s] DEBUG:colcon.colcon_core.event_handler.log_command:Invoked command in '/home/balasuriya/finalsemproject/build/rover' returned '0': PYTHONPATH=/home/balasuriya/finalsemproject/build/rover/prefix_override:/home/balasuriya/finalsemproject/install/rover/lib/python3.10/site-packages:${PYTHONPATH} /usr/bin/python3 setup.py develop --editable --build-directory /home/balasuriya/finalsemproject/build/rover/build --no-deps install_data
[1.595s] INFO:colcon.colcon_core.shell:Creating environment hook '/home/balasuriya/finalsemproject/build/rover/share/rover/hook/pythonpath_develop.sh'
[1.597s] Level 1:colcon.colcon_core.environment:checking '/home/balasuriya/finalsemproject/install/rover' for CMake module files
[1.597s] Level 1:colcon.colcon_core.environment:checking '/home/balasuriya/finalsemproject/install/rover' for CMake config files
[1.597s] Level 1:colcon.colcon_core.environment:checking '/home/balasuriya/finalsemproject/install/rover/lib'
[1.597s] Level 1:colcon.colcon_core.environment:checking '/home/balasuriya/finalsemproject/install/rover/bin'
[1.597s] Level 1:colcon.colcon_core.environment:checking '/home/balasuriya/finalsemproject/install/rover/lib/pkgconfig/rover.pc'
[1.598s] Level 1:colcon.colcon_core.environment:checking '/home/balasuriya/finalsemproject/install/rover/lib/python3.10/site-packages'
[1.598s] Level 1:colcon.colcon_core.shell:create_environment_hook('rover', 'pythonpath')
[1.599s] INFO:colcon.colcon_core.shell:Creating environment hook '/home/balasuriya/finalsemproject/install/rover/share/rover/hook/pythonpath.ps1'
[1.599s] INFO:colcon.colcon_core.shell:Creating environment descriptor '/home/balasuriya/finalsemproject/install/rover/share/rover/hook/pythonpath.dsv'
[1.599s] INFO:colcon.colcon_core.shell:Creating environment hook '/home/balasuriya/finalsemproject/install/rover/share/rover/hook/pythonpath.sh'
[1.599s] Level 1:colcon.colcon_core.environment:checking '/home/balasuriya/finalsemproject/install/rover/bin'
[1.599s] Level 1:colcon.colcon_core.environment:create_environment_scripts_only(rover)
[1.600s] INFO:colcon.colcon_core.shell:Creating package script '/home/balasuriya/finalsemproject/install/rover/share/rover/package.ps1'
[1.601s] INFO:colcon.colcon_core.shell:Creating package descriptor '/home/balasuriya/finalsemproject/install/rover/share/rover/package.dsv'
[1.601s] INFO:colcon.colcon_core.shell:Creating package script '/home/balasuriya/finalsemproject/install/rover/share/rover/package.sh'
[1.602s] INFO:colcon.colcon_core.shell:Creating package script '/home/balasuriya/finalsemproject/install/rover/share/rover/package.bash'
[1.602s] INFO:colcon.colcon_core.shell:Creating package script '/home/balasuriya/finalsemproject/install/rover/share/rover/package.zsh'
[1.602s] Level 1:colcon.colcon_core.environment:create_file_with_runtime_dependencies(/home/balasuriya/finalsemproject/install/rover/share/colcon-core/packages/rover)
[1.602s] DEBUG:colcon.colcon_parallel_executor.executor.parallel:closing loop
[1.602s] DEBUG:colcon.colcon_parallel_executor.executor.parallel:loop closed
[1.603s] DEBUG:colcon.colcon_parallel_executor.executor.parallel:run_until_complete finished with '0'
[1.603s] DEBUG:colcon.colcon_core.event_reactor:joining thread
[1.607s] INFO:colcon.colcon_core.plugin_system:Skipping extension 'colcon_notification.desktop_notification.terminal_notifier': Not used on non-Darwin systems
[1.607s] INFO:colcon.colcon_core.plugin_system:Skipping extension 'colcon_notification.desktop_notification.win32': Not used on non-Windows systems
[1.607s] INFO:colcon.colcon_notification.desktop_notification:Sending desktop notification using 'notify2'
[1.617s] DEBUG:colcon.colcon_core.event_reactor:joined thread
[1.619s] INFO:colcon.colcon_core.shell:Creating prefix script '/home/balasuriya/finalsemproject/install/local_setup.ps1'
[1.619s] INFO:colcon.colcon_core.shell:Creating prefix util module '/home/balasuriya/finalsemproject/install/_local_setup_util_ps1.py'
[1.621s] INFO:colcon.colcon_core.shell:Creating prefix chain script '/home/balasuriya/finalsemproject/install/setup.ps1'
[1.622s] INFO:colcon.colcon_core.shell:Creating prefix script '/home/balasuriya/finalsemproject/install/local_setup.sh'
[1.622s] INFO:colcon.colcon_core.shell:Creating prefix util module '/home/balasuriya/finalsemproject/install/_local_setup_util_sh.py'
[1.623s] INFO:colcon.colcon_core.shell:Creating prefix chain script '/home/balasuriya/finalsemproject/install/setup.sh'
[1.624s] INFO:colcon.colcon_core.shell:Creating prefix script '/home/balasuriya/finalsemproject/install/local_setup.bash'
[1.625s] INFO:colcon.colcon_core.shell:Creating prefix chain script '/home/balasuriya/finalsemproject/install/setup.bash'
[1.626s] INFO:colcon.colcon_core.shell:Creating prefix script '/home/balasuriya/finalsemproject/install/local_setup.zsh'
[1.626s] INFO:colcon.colcon_core.shell:Creating prefix chain script '/home/balasuriya/finalsemproject/install/setup.zsh'
